2021-11-25 11:29:24 rasdf: Nothing to clean
2021-11-25 11:29:24 rasdf: Database cleaned; 170 rows written.
2021-11-25 11:31:49 rasdf: Could not find row to remove: maneater
2021-11-25 11:34:15 rasdf: Can't add /no/such/file
2021-11-25 11:35:41 rasdf: Adding new path: /home/tim/fergusontg@gmail.com/Public/Scouts/pdf
2021-11-25 13:39:57 rasdf: Can't add .bashrc
2021-11-25 13:40:10 rasdf: Can't add .bashrc
2021-11-25 13:40:14 rasdf: Can't add .bashrc
2021-11-25 13:40:31 rasdf: Can't add .bashrc
2021-11-25 13:41:14 rasdf: Can't add .bashrc
2021-11-25 13:41:32 rasdf: Can't add .bashrc
2021-11-25 13:41:47 rasdf: Can't add .bashrc
2021-11-25 13:42:05 rasdf: Can't add .bashrc
2021-11-25 13:44:34 rasdf: Can't add /not/there
2021-11-25 13:44:34 rasdf: Can't add .bashrc
2021-11-25 13:44:46 rasdf: Can't add .bashrc
2021-11-25 13:45:07 rasdf: Can't add .bashrc
2021-11-25 13:46:44 rasdf: Can't add .bashrc
2021-11-25 13:47:00 rasdf: Can't add .bashrc
2021-11-25 13:50:53 rasdf: Can't add .bashrc
2021-11-25 13:50:56 rasdf: Can't add .bashrc
2021-11-25 13:52:37 rasdf: Can't add .bashrc
2021-11-25 13:52:45 rasdf: Nothing to clean
2021-11-25 13:52:45 rasdf: Database cleaned; 171 rows written.
2021-11-25 13:52:45 rasdf: Can't add ~/.bashrc.d/rasdf.bash
2021-11-25 13:52:53 rasdf: Can't add $PROMPT_COMMAND
2021-11-25 13:53:58 rasdf: Nothing to clean
2021-11-25 13:53:58 rasdf: Database cleaned; 171 rows written.
2021-11-25 13:56:31 rasdf: Can't add 3
2021-11-25 13:58:18 rasdf: Can't add $PROMPT_COMMAND
2021-11-25 13:58:18 rasdf: Can't add |
2021-11-25 13:58:18 rasdf: Can't add storeit
2021-11-25 13:59:59 rasdf: Can't add 5
2021-11-25 13:59:59 rasdf: Can't add |
2021-11-25 13:59:59 rasdf: Can't add sed
2021-11-25 13:59:59 rasdf: Can't add -e
2021-11-25 13:59:59 rasdf: Can't add 's/^\s*\(\S\+\s\+\)\{2\}//'
